<?xml version="1.0" encoding="utf-8"?><testsuites><testsuite errors="0" failures="1" hostname="Syeds-MBP.fellow.lan" name="pytest" skipped="0" tests="12" time="3.700" timestamp="2020-06-23T12:26:10.410756"><testcase classname="tests.test_basic" file="tests/test_basic.py" line="13" name="test_urlnotvailid" time="0.001"></testcase><testcase classname="tests.test_basic" file="tests/test_basic.py" line="16" name="test_filenotexists" time="0.001"></testcase><testcase classname="tests.test_basic" file="tests/test_basic.py" line="19" name="test_checklogin" time="0.001"><failure message="AssertionError: assert &apos;Bearer&apos; in &apos;Error: File does not exist&apos;
 +  where &apos;Error: File does not exist&apos; = main(&apos;https://mingle-sso.eu1.inforcloudsuite.com:443/BVB_DEV&apos;, &apos;FellowKey.ionapi&apos;, &apos;checklogin&apos;)">def test_checklogin():
&gt;       assert  &quot;Bearer&quot; in main(&quot;https://mingle-sso.eu1.inforcloudsuite.com:443/BVB_DEV&quot;,&quot;FellowKey.ionapi&quot;,&quot;checklogin&quot;)
E       AssertionError: assert &apos;Bearer&apos; in &apos;Error: File does not exist&apos;
E        +  where &apos;Error: File does not exist&apos; = main(&apos;https://mingle-sso.eu1.inforcloudsuite.com:443/BVB_DEV&apos;, &apos;FellowKey.ionapi&apos;, &apos;checklogin&apos;)

tests/test_basic.py:21: AssertionError</failure></testcase><testcase classname="tests.test_basic" file="tests/test_basic.py" line="22" name="test_checkfiletype_csv" time="0.001"></testcase><testcase classname="tests.test_basic" file="tests/test_basic.py" line="25" name="test_checkfiletype_excel" time="0.001"></testcase><testcase classname="tests.test_basic" file="tests/test_basic.py" line="29" name="test_checkfiletype_notsupport" time="0.001"></testcase><testcase classname="tests.test_basic" file="tests/test_basic.py" line="36" name="test_mappingfilepath" time="0.001"></testcase><testcase classname="tests.test_excel_mapping" file="tests/test_excel_mapping.py" line="20" name="test_param1_missing" time="0.001"></testcase><testcase classname="tests.test_excel_mapping" file="tests/test_excel_mapping.py" line="23" name="test_param2_missing" time="0.001"></testcase><testcase classname="tests.test_excel_mapping" file="tests/test_excel_mapping.py" line="26" name="test_api_file_exists" time="2.040"></testcase><testcase classname="tests.test_excel_mapping" file="tests/test_excel_mapping.py" line="35" name="test_template_file_exists" time="0.001"></testcase><testcase classname="tests.test_excel_mapping" file="tests/test_excel_mapping.py" line="38" name="test_can_create_new_template_file" time="0.009"></testcase></testsuite></testsuites>